Processing users:421
Checkpoint upto 64407 written, skipped users: 0, problems: 15421
Processing batch 0 to 20
Processing batch 20 to 40
Processing batch 40 to 60
Processing batch 60 to 80
Processing batch 80 to 100
Processed batch 40 to 60
Processed batch 60 to 80
Processed batch 80 to 100
Processed batch 20 to 40
Processed batch 0 to 20
Checkpoint upto 64507 written, skipped users: 9, problems: 15527
Processing batch 100 to 120
Processing batch 120 to 140
Processing batch 140 to 160
Processing batch 160 to 180
Processing batch 180 to 200
Processed batch 180 to 200
Processed batch 160 to 180
Processed batch 120 to 140
Processed batch 140 to 160
Processed batch 100 to 120
Checkpoint upto 64607 written, skipped users: 25, problems: 15531
Processing batch 200 to 220
Processing batch 220 to 240
Processing batch 240 to 260
Processing batch 260 to 280
Processing batch 280 to 300
Processed batch 240 to 260
Processed batch 200 to 220
Processed batch 220 to 240
Processed batch 280 to 300
Processed batch 260 to 280
Checkpoint upto 64707 written, skipped users: 43, problems: 15552
Processing batch 300 to 320
Processing batch 320 to 340
Processing batch 340 to 360
Processing batch 360 to 380
Processing batch 380 to 400
Processed batch 340 to 360
Processed batch 380 to 400
Processed batch 360 to 380
Processed batch 320 to 340
Processed batch 300 to 320
Checkpoint upto 64807 written, skipped users: 69, problems: 15590
Processing batch 400 to 420
Processing batch 420 to 440
Processing batch 440 to 460
Processed batch 440 to 460
Processing batch 460 to 480
Processed batch 460 to 480
Processing batch 480 to 500
Processed batch 480 to 500
Processed batch 420 to 440
Processed batch 400 to 420
Done
